# JRE version: Java(TM) SE Runtime Environment (7.0_80-b15) (build 1.7.0_80-b15)
# Java VM: Java HotSpot(TM) 64-Bit Server VM (24.80-b11 mixed mode linux-amd64 compressed oops)
Heap
 PSYoungGen      total 203776K, used 14311K [0x00000000eaa80000, 0x00000000f8080000, 0x0000000100000000)
  eden space 189440K, 0% used [0x00000000eaa80000,0x00000000eaa80000,0x00000000f6380000)
  from space 14336K, 99% used [0x00000000f6380000,0x00000000f7179d20,0x00000000f7180000)
  to   space 13312K, 0% used [0x00000000f7180000,0x00000000f7180000,0x00000000f7e80000)
 ParOldGen       total 40448K, used 27461K [0x00000000c0000000, 0x00000000c2780000, 0x00000000eaa80000)
  object space 40448K, 67% used [0x00000000c0000000,0x00000000c1ad1508,0x00000000c2780000)
 PSPermGen       total 21504K, used 7270K [0x00000000bae00000, 0x00000000bc300000, 0x00000000c0000000)
  object space 21504K, 33% used [0x00000000bae00000,0x00000000bb519808,0x00000000bc300000)
GC Heap History (10 events):
Event: 6.472 GC heap after
Heap after GC invocations=6 (full 0):
 PSYoungGen      total 70144K, used 10727K [0x00000000eaa80000, 0x00000000eff80000, 0x0000000100000000)
  eden space 59392K, 0% used [0x00000000eaa80000,0x00000000eaa80000,0x00000000ee480000)
  from space 10752K, 99% used [0x00000000ef100000,0x00000000efb79f08,0x00000000efb80000)
  to   space 12800K, 0% used [0x00000000ee480000,0x00000000ee480000,0x00000000ef100000)
 ParOldGen       total 40448K, used 20020K [0x00000000c0000000, 0x00000000c2780000, 0x00000000eaa80000)
  object space 40448K, 49% used [0x00000000c0000000,0x00000000c138d230,0x00000000c2780000)
 PSPermGen       total 21504K, used 7101K [0x00000000bae00000, 0x00000000bc300000, 0x00000000c0000000)
  object space 21504K, 33% used [0x00000000bae00000,0x00000000bb4ef698,0x00000000bc300000)
}
Event: 6.929 GC heap before
{Heap before GC invocations=7 (full 0):
 PSYoungGen      total 70144K, used 69114K [0x00000000eaa80000, 0x00000000eff80000, 0x0000000100000000)
  eden space 59392K, 98% used [0x00000000eaa80000,0x00000000ee384c18,0x00000000ee480000)
  from space 10752K, 99% used [0x00000000ef100000,0x00000000efb79f08,0x00000000efb80000)
  to   space 12800K, 0% used [0x00000000ee480000,0x00000000ee480000,0x00000000ef100000)
 ParOldGen       total 40448K, used 20020K [0x00000000c0000000, 0x00000000c2780000, 0x00000000eaa80000)
  object space 40448K, 49% used [0x00000000c0000000,0x00000000c138d230,0x00000000c2780000)
 PSPermGen       total 21504K, used 7150K [0x00000000bae00000, 0x00000000bc300000, 0x00000000c0000000)
  object space 21504K, 33% used [0x00000000bae00000,0x00000000bb4fba08,0x00000000bc300000)
Event: 6.945 GC heap after
Heap after GC invocations=7 (full 0):
 PSYoungGen      total 72192K, used 3377K [0x00000000eaa80000, 0x00000000f3780000, 0x0000000100000000)
  eden space 59392K, 0% used [0x00000000eaa80000,0x00000000eaa80000,0x00000000ee480000)
  from space 12800K, 26% used [0x00000000ee480000,0x00000000ee7cc518,0x00000000ef100000)
  to   space 12800K, 0% used [0x00000000f2b00000,0x00000000f2b00000,0x00000000f3780000)
 ParOldGen       total 40448K, used 21024K [0x00000000c0000000, 0x00000000c2780000, 0x00000000eaa80000)
  object space 40448K, 51% used [0x00000000c0000000,0x00000000c14882b0,0x00000000c2780000)
 PSPermGen       total 21504K, used 7150K [0x00000000bae00000, 0x00000000bc300000, 0x00000000c0000000)
  object space 21504K, 33% used [0x00000000bae00000,0x00000000bb4fba08,0x00000000bc300000)
}
Event: 7.286 GC heap before
{Heap before GC invocations=8 (full 0):
 PSYoungGen      total 72192K, used 62769K [0x00000000eaa80000, 0x00000000f3780000, 0x0000000100000000)
  eden space 59392K, 100% used [0x00000000eaa80000,0x00000000ee480000,0x00000000ee480000)
  from space 12800K, 26% used [0x00000000ee480000,0x00000000ee7cc518,0x00000000ef100000)
  to   space 12800K, 0% used [0x00000000f2b00000,0x00000000f2b00000,0x00000000f3780000)
 ParOldGen       total 40448K, used 21024K [0x00000000c0000000, 0x00000000c2780000, 0x00000000eaa80000)
  object space 40448K, 51% used [0x00000000c0000000,0x00000000c14882b0,0x00000000c2780000)
 PSPermGen       total 21504K, used 7243K [0x00000000bae00000, 0x00000000bc300000, 0x00000000c0000000)
  object space 21504K, 33% used [0x00000000bae00000,0x00000000bb512df0,0x00000000bc300000)
Event: 7.302 GC heap after
Heap after GC invocations=8 (full 0):
 PSYoungGen      total 130560K, used 6985K [0x00000000eaa80000, 0x00000000f3680000, 0x0000000100000000)
  eden space 118784K, 0% used [0x00000000eaa80000,0x00000000eaa80000,0x00000000f1e80000)
  from space 11776K, 59% used [0x00000000f2b00000,0x00000000f31d27d0,0x00000000f3680000)
  to   space 12288K, 0% used [0x00000000f1e80000,0x00000000f1e80000,0x00000000f2a80000)
 ParOldGen       total 40448K, used 21952K [0x00000000c0000000, 0x00000000c2780000, 0x00000000eaa80000)
  object space 40448K, 54% used [0x00000000c0000000,0x00000000c1570198,0x00000000c2780000)
 PSPermGen       total 21504K, used 7243K [0x00000000bae00000, 0x00000000bc300000, 0x00000000c0000000)
  object space 21504K, 33% used [0x00000000bae00000,0x00000000bb512df0,0x00000000bc300000)
}
Event: 7.810 GC heap before
{Heap before GC invocations=9 (full 0):
 PSYoungGen      total 130560K, used 125769K [0x00000000eaa80000, 0x00000000f3680000, 0x0000000100000000)
  eden space 118784K, 100% used [0x00000000eaa80000,0x00000000f1e80000,0x00000000f1e80000)
  from space 11776K, 59% used [0x00000000f2b00000,0x00000000f31d27d0,0x00000000f3680000)
  to   space 12288K, 0% used [0x00000000f1e80000,0x00000000f1e80000,0x00000000f2a80000)
 ParOldGen       total 40448K, used 21952K [0x00000000c0000000, 0x00000000c2780000, 0x00000000eaa80000)
  object space 40448K, 54% used [0x00000000c0000000,0x00000000c1570198,0x00000000c2780000)
 PSPermGen       total 21504K, used 7257K [0x00000000bae00000, 0x00000000bc300000, 0x00000000c0000000)
  object space 21504K, 33% used [0x00000000bae00000,0x00000000bb516770,0x00000000bc300000)
Event: 7.838 GC heap after
Heap after GC invocations=9 (full 0):
 PSYoungGen      total 131072K, used 11026K [0x00000000eaa80000, 0x00000000f7e80000, 0x0000000100000000)
  eden space 118784K, 0% used [0x00000000eaa80000,0x00000000eaa80000,0x00000000f1e80000)
  from space 12288K, 89% used [0x00000000f1e80000,0x00000000f2944818,0x00000000f2a80000)
  to   space 13312K, 0% used [0x00000000f7180000,0x00000000f7180000,0x00000000f7e80000)
 ParOldGen       total 40448K, used 23473K [0x00000000c0000000, 0x00000000c2780000, 0x00000000eaa80000)
  object space 40448K, 58% used [0x00000000c0000000,0x00000000c16ec788,0x00000000c2780000)
 PSPermGen       total 21504K, used 7257K [0x00000000bae00000, 0x00000000bc300000, 0x00000000c0000000)
  object space 21504K, 33% used [0x00000000bae00000,0x00000000bb516770,0x00000000bc300000)
}
Event: 8.148 GC heap before
{Heap before GC invocations=10 (full 0):
 PSYoungGen      total 131072K, used 129810K [0x00000000eaa80000, 0x00000000f7e80000, 0x0000000100000000)
  eden space 118784K, 100% used [0x00000000eaa80000,0x00000000f1e80000,0x00000000f1e80000)
  from space 12288K, 89% used [0x00000000f1e80000,0x00000000f2944818,0x00000000f2a80000)
  to   space 13312K, 0% used [0x00000000f7180000,0x00000000f7180000,0x00000000f7e80000)
 ParOldGen       total 40448K, used 23473K [0x00000000c0000000, 0x00000000c2780000, 0x00000000eaa80000)
  object space 40448K, 58% used [0x00000000c0000000,0x00000000c16ec788,0x00000000c2780000)
 PSPermGen       total 21504K, used 7265K [0x00000000bae00000, 0x00000000bc300000, 0x00000000c0000000)
  object space 21504K, 33% used [0x00000000bae00000,0x00000000bb518568,0x00000000bc300000)
Event: 8.207 GC heap after
Heap after GC invocations=10 (full 0):
 PSYoungGen      total 202752K, used 11040K [0x00000000eaa80000, 0x00000000f8080000, 0x0000000100000000)
  eden space 189440K, 0% used [0x00000000eaa80000,0x00000000eaa80000,0x00000000f6380000)
  from space 13312K, 82% used [0x00000000f7180000,0x00000000f7c48288,0x00000000f7e80000)
  to   space 14336K, 0% used [0x00000000f6380000,0x00000000f6380000,0x00000000f7180000)
 ParOldGen       total 40448K, used 26076K [0x00000000c0000000, 0x00000000c2780000, 0x00000000eaa80000)
  object space 40448K, 64% used [0x00000000c0000000,0x00000000c1977100,0x00000000c2780000)
 PSPermGen       total 21504K, used 7265K [0x00000000bae00000, 0x00000000bc300000, 0x00000000c0000000)
  object space 21504K, 33% used [0x00000000bae00000,0x00000000bb518568,0x00000000bc300000)
}
Event: 8.668 GC heap before
{Heap before GC invocations=11 (full 0):
 PSYoungGen      total 202752K, used 200480K [0x00000000eaa80000, 0x00000000f8080000, 0x0000000100000000)
  eden space 189440K, 100% used [0x00000000eaa80000,0x00000000f6380000,0x00000000f6380000)
  from space 13312K, 82% used [0x00000000f7180000,0x00000000f7c48288,0x00000000f7e80000)
  to   space 14336K, 0% used [0x00000000f6380000,0x00000000f6380000,0x00000000f7180000)
 ParOldGen       total 40448K, used 26076K [0x00000000c0000000, 0x00000000c2780000, 0x00000000eaa80000)
  object space 40448K, 64% used [0x00000000c0000000,0x00000000c1977100,0x00000000c2780000)
 PSPermGen       total 21504K, used 7270K [0x00000000bae00000, 0x00000000bc300000, 0x00000000c0000000)
  object space 21504K, 33% used [0x00000000bae00000,0x00000000bb519808,0x00000000bc300000)

